<?xml version="1.0" encoding="UTF-8"?>
<testsuite name="BasicsTest" tests="1" skipped="0" failures="0" errors="0" timestamp="2022-09-13T18:41:49" hostname="MERCURY" time="0.013">
  <properties/>
  <testcase name="testTask4" classname="BasicsTest" time="0.013"/>
  <system-out><![CDATA[]]></system-out>
  <system-err><![CDATA[]]></system-err>
</testsuite>
